<?xml version="1.0" encoding="UTF-8"?>
<!-- Generated by org.testng.reporters.JUnitReportReporter -->
<testsuite skipped="0" hostname="DESKTOP-HI9FGVV" name="com.model.RegisterationDemo" tests="2" failures="0" timestamp="17 Oct 2019 08:00:40 GMT" time="28.225" errors="0">
  <testcase name="userOne" time="9.292" classname="com.model.RegisterationDemo"/>
  <testcase name="userTwo" time="18.933" classname="com.model.RegisterationDemo"/>
</testsuite> <!-- com.model.RegisterationDemo -->
